This file contains any messages produced by compilers while
running configure, to aid debugging if configure makes a mistake.

It was created by "Motion_Strategy_Library" configure "1.2", which was
generated by GNU Autoconf 2.53.  Invocation command line was

  $ ./configure --enable-inventor

## --------- ##
## Platform. ##
## --------- ##

hostname = geneva.cs.uiuc.edu
uname -m = i686
uname -r = 2.4.20-18.8
uname -s = Linux
uname -v = #1 Thu May 29 07:40:27 EDT 2003

/usr/bin/uname -p = unknown
/bin/uname -X     = unknown

/bin/arch              = i686
/usr/bin/arch -k       = unknown
/usr/convex/getsysinfo = unknown
hostinfo               = unknown
/bin/machine           = unknown
/usr/bin/oslevel       = unknown
/bin/universe          = unknown

PATH: /usr/local/qt/bin
PATH: .
PATH: /home/lavalle/slindema/bin
PATH: /bin
PATH: /usr/X11R6/bin
PATH: /sbin
PATH: /usr/bin
PATH: /bin
PATH: /usr/etc
PATH: /usr/local/bin
PATH: /local/bin
PATH: /msl/bin
PATH: /msl/local/bin


## ----------- ##
## Core tests. ##
## ----------- ##

configure:1293: checking for g++
configure:1309: found /usr/bin/g++
configure:1319: result: g++
configure:1335: checking for C++ compiler version
configure:1338: g++ --version </dev/null >&5
g++ (GCC) 3.2 20020903 (Red Hat Linux 8.0 3.2-7)
Copyright (C) 2002 Free Software Foundation, Inc.
This is free software; see the source for copying conditions.  There is NO
warranty; not even for MERCHANTABILITY or FITNESS FOR A PARTICULAR PURPOSE.

configure:1341: $? = 0
configure:1343: g++ -v </dev/null >&5
Reading specs from /usr/lib/gcc-lib/i386-redhat-linux/3.2/specs
Configured with: ../configure --prefix=/usr --mandir=/usr/share/man --infodir=/usr/share/info --enable-shared --enable-threads=posix --disable-checking --host=i386-redhat-linux --with-system-zlib --enable-__cxa_atexit
Thread model: posix
gcc version 3.2 20020903 (Red Hat Linux 8.0 3.2-7)
configure:1346: $? = 0
configure:1348: g++ -V </dev/null >&5
g++: argument to `-V' missing

configure:1351: $? = 1
configure:1377: checking for C++ compiler default output
configure:1380: g++    conftest.cc  >&5
configure:1383: $? = 0
configure:1416: result: a.out
configure:1421: checking whether the C++ compiler works
configure:1427: ./a.out
configure:1430: $? = 0
configure:1445: result: yes
configure:1452: checking whether we are cross compiling
configure:1454: result: no
configure:1457: checking for suffix of executables
configure:1459: g++ -o conftest    conftest.cc  >&5
configure:1462: $? = 0
configure:1484: result: 
configure:1490: checking for suffix of object files
configure:1514: g++ -c   conftest.cc >&5
configure:1517: $? = 0
configure:1536: result: o
configure:1540: checking whether we are using the GNU C++ compiler
configure:1567: g++ -c   conftest.cc >&5
configure:1570: $? = 0
configure:1573: test -s conftest.o
configure:1576: $? = 0
configure:1588: result: yes
configure:1594: checking whether g++ accepts -g
configure:1618: g++ -c -g  conftest.cc >&5
configure:1621: $? = 0
configure:1624: test -s conftest.o
configure:1627: $? = 0
configure:1637: result: yes
configure:1683: g++ -c -g -O2  conftest.cc >&5
configure:1686: $? = 0
configure:1689: test -s conftest.o
configure:1692: $? = 0
configure:1720: g++ -c -g -O2  conftest.cc >&5
configure: In function `int main()':
configure:1712: `exit' undeclared (first use this function)
configure:1712: (Each undeclared identifier is reported only once for each 
   function it appears in.)
configure:1723: $? = 1
configure: failed program was:
#line 1701 "configure"
#include "confdefs.h"

#ifdef F77_DUMMY_MAIN
#  ifdef __cplusplus
     extern "C"
#  endif
   int F77_DUMMY_MAIN() { return 1; }
#endif
int
main ()
{
exit (42);
  ;
  return 0;
}
configure:1683: g++ -c -g -O2  conftest.cc >&5
configure:1686: $? = 0
configure:1689: test -s conftest.o
configure:1692: $? = 0
configure:1720: g++ -c -g -O2  conftest.cc >&5
configure:1723: $? = 0
configure:1726: test -s conftest.o
configure:1729: $? = 0
configure:1778: checking how to run the C++ preprocessor
configure:1800: g++ -E  conftest.cc
configure:1806: $? = 0
configure:1833: g++ -E  conftest.cc
configure:1829:28: ac_nonexistent.h: No such file or directory
configure:1839: $? = 1
configure: failed program was:
#line 1828 "configure"
#include "confdefs.h"
#include <ac_nonexistent.h>
configure:1876: result: g++ -E
configure:1891: g++ -E  conftest.cc
configure:1897: $? = 0
configure:1924: g++ -E  conftest.cc
configure:1920:28: ac_nonexistent.h: No such file or directory
configure:1930: $? = 1
configure: failed program was:
#line 1919 "configure"
#include "confdefs.h"
#include <ac_nonexistent.h>
configure:1970: checking for X
configure:2186: result: libraries /usr/X11R6/lib, headers /usr/X11R6/include
configure:2217: checking for main in -lPQP
configure:2244: g++ -o conftest -g -O2   conftest.cc -lPQP   >&5
configure:2247: $? = 0
configure:2250: test -s conftest
configure:2253: $? = 0
configure:2264: result: yes
configure:2312: g++ -E  conftest.cc
configure:2308:17: PQP.h: No such file or directory
configure:2318: $? = 1
configure: failed program was:
#line 2307 "configure"
#include "confdefs.h"
#include <PQP.h>
configure:2349: g++ -E  conftest.cc
configure:2355: $? = 0
configure:2413: checking for main in -lpng
configure:2440: g++ -o conftest -g -O2   conftest.cc -lpng   >&5
configure:2443: $? = 0
configure:2446: test -s conftest
configure:2449: $? = 0
configure:2460: result: yes
configure:2501: checking for main in -ljpeg
configure:2528: g++ -o conftest -g -O2   conftest.cc -ljpeg   >&5
configure:2531: $? = 0
configure:2534: test -s conftest
configure:2537: $? = 0
configure:2548: result: yes
configure:2594: g++ -E  conftest.cc
configure:2590:16: fx.h: No such file or directory
configure:2600: $? = 1
configure: failed program was:
#line 2589 "configure"
#include "confdefs.h"
#include <fx.h>
configure:2631: g++ -E  conftest.cc
configure:2637: $? = 0
configure:2693: checking for main in -lFOX
configure:2720: g++ -o conftest -g -O2   conftest.cc -lFOX   >&5
configure:2723: $? = 0
configure:2726: test -s conftest
configure:2729: $? = 0
configure:2740: result: yes
configure:2791: g++ -E  conftest.cc
configure:2787:16: gl.h: No such file or directory
configure:2797: $? = 1
configure: failed program was:
#line 2786 "configure"
#include "confdefs.h"
#include <gl.h>
configure:2828: g++ -E  conftest.cc
configure:2834: $? = 0
configure:2890: g++ -E  conftest.cc
configure:2886:18: glut.h: No such file or directory
configure:2896: $? = 1
configure: failed program was:
#line 2885 "configure"
#include "confdefs.h"
#include <glut.h>
configure:2927: g++ -E  conftest.cc
configure:2933: $? = 0
configure:2986: checking for main in -lGL
configure:3013: g++ -o conftest -g -O2   conftest.cc -lGL   >&5
configure:3016: $? = 0
configure:3019: test -s conftest
configure:3022: $? = 0
configure:3033: result: yes
configure:3073: checking for main in -lglut
configure:3100: g++ -o conftest -g -O2   conftest.cc -lglut   >&5
configure:3103: $? = 0
configure:3106: test -s conftest
configure:3109: $? = 0
configure:3120: result: yes
configure:3176: g++ -E  conftest.cc
configure:3172:28: SoSceneManager.h: No such file or directory
configure:3182: $? = 1
configure: failed program was:
#line 3171 "configure"
#include "confdefs.h"
#include <SoSceneManager.h>
configure:3273: checking for main in -lInventor
configure:3300: g++ -o conftest -g -O2   conftest.cc -lInventor   >&5
configure:3303: $? = 0
configure:3306: test -s conftest
configure:3309: $? = 0
configure:3320: result: yes
configure:3712: creating ./config.status

## ---------------------- ##
## Running config.status. ##
## ---------------------- ##

This file was extended by "Motion_Strategy_Library" config.status "1.2", which was
generated by GNU Autoconf 2.53.  Invocation command line was

  CONFIG_FILES    = 
  CONFIG_HEADERS  = 
  CONFIG_LINKS    = 
  CONFIG_COMMANDS = 
  $ ./config.status 

on geneva.cs.uiuc.edu

config.status:566: creating Makefile.config
config.status:566: creating configs/configPQP.h
config.status:566: creating configs/configFOX.h
config.status:566: creating configs/configGL.h
config.status:566: creating configs/configGLUT.h

## ---------------- ##
## Cache variables. ##
## ---------------- ##

ac_cv_cxx_compiler_gnu=yes
ac_cv_env_CPPFLAGS_set=
ac_cv_env_CPPFLAGS_value=
ac_cv_env_CXXCPP_set=
ac_cv_env_CXXCPP_value=
ac_cv_env_CXXFLAGS_set=
ac_cv_env_CXXFLAGS_value=
ac_cv_env_CXX_set=
ac_cv_env_CXX_value=
ac_cv_env_LDFLAGS_set=
ac_cv_env_LDFLAGS_value=
ac_cv_env_build_alias_set=
ac_cv_env_build_alias_value=
ac_cv_env_host_alias_set=
ac_cv_env_host_alias_value=
ac_cv_env_target_alias_set=
ac_cv_env_target_alias_value=
ac_cv_exeext=
ac_cv_have_x='have_x=yes 		ac_x_includes=/usr/X11R6/include ac_x_libraries=/usr/X11R6/lib'
ac_cv_lib_FOX=ac_cv_lib_FOX_main
ac_cv_lib_FOX_main=yes
ac_cv_lib_GL=ac_cv_lib_GL_main
ac_cv_lib_GL_main=yes
ac_cv_lib_Inventor=ac_cv_lib_Inventor_main
ac_cv_lib_Inventor_main=yes
ac_cv_lib_PQP=ac_cv_lib_PQP_main
ac_cv_lib_PQP_main=yes
ac_cv_lib_glut=ac_cv_lib_glut_main
ac_cv_lib_glut_main=yes
ac_cv_lib_jpeg=ac_cv_lib_jpeg_main
ac_cv_lib_jpeg_main=yes
ac_cv_lib_png=ac_cv_lib_png_main
ac_cv_lib_png_main=yes
ac_cv_objext=o
ac_cv_prog_CXXCPP='g++ -E'
ac_cv_prog_ac_ct_CXX=g++
ac_cv_prog_cxx_g=yes

## ----------- ##
## confdefs.h. ##
## ----------- ##

#define PACKAGE_NAME ""Motion_Strategy_Library""
#define PACKAGE_TARNAME "-motion-strategy-library-"
#define PACKAGE_VERSION ""1.2""
#define PACKAGE_STRING ""Motion_Strategy_Library" "1.2""
#define PACKAGE_BUGREPORT ""http://msl.cs.uiuc.edu" "
#ifdef __cplusplus
#include <stdlib.h>
#endif

configure: exit 0
